<?xml version="1.0" encoding="UTF-8" ?>
<testsuite failures="0" time="0.332" errors="3" skipped="0" tests="3" name="org.leixu.iap.user.UserDaoTest">
  <properties>
    <property name="java.runtime.name" value="Java(TM) SE Runtime Environment"/>
    <property name="sun.boot.library.path" value="D:\java\Java\jdk1.6.0_17\jre\bin"/>
    <property name="java.vm.version" value="14.3-b01"/>
    <property name="java.vm.vendor" value="Sun Microsystems Inc."/>
    <property name="java.vendor.url" value="http://java.sun.com/"/>
    <property name="path.separator" value=";"/>
    <property name="java.vm.name" value="Java HotSpot(TM) Client VM"/>
    <property name="file.encoding.pkg" value="sun.io"/>
    <property name="user.country" value="CN"/>
    <property name="sun.java.launcher" value="SUN_STANDARD"/>
    <property name="sun.os.patch.level" value=""/>
    <property name="java.vm.specification.name" value="Java Virtual Machine Specification"/>
    <property name="user.dir" value="D:\Projects\iap\workspace\maven.1278242882368\iap\modules\core"/>
    <property name="java.runtime.version" value="1.6.0_17-b04"/>
    <property name="java.awt.graphicsenv" value="sun.awt.Win32GraphicsEnvironment"/>
    <property name="basedir" value="D:\Projects\iap\workspace\maven.1278242882368\iap\modules\core"/>
    <property name="java.endorsed.dirs" value="D:\java\Java\jdk1.6.0_17\jre\lib\endorsed"/>
    <property name="os.arch" value="x86"/>
    <property name="surefire.real.class.path" value="C:\Users\lei\AppData\Local\Temp\surefirebooter6424373412535599398.jar"/>
    <property name="java.io.tmpdir" value="C:\Users\lei\AppData\Local\Temp\"/>
    <property name="line.separator" value="
"/>
    <property name="java.vm.specification.vendor" value="Sun Microsystems Inc."/>
    <property name="user.variant" value=""/>
    <property name="os.name" value="Windows 7"/>
    <property name="sun.jnu.encoding" value="GBK"/>
    <property name="java.library.path" value="D:\java\Java\jdk1.6.0_17\jre\bin;.;C:\Windows\Sun\Java\bin;C:\Windows\system32;C:\Windows;D:/java/Java/jdk1.6.0_17/bin/../jre/bin/client;D:/java/Java/jdk1.6.0_17/bin/../jre/bin;D:\java\apache-maven-2.2.1\bin;D:\java\Java\jdk1.6.0_17\bin;D:\oracle\product\10.2.0\db_1\bin;C:\Windows\system32;C:\Windows;C:\Windows\System32\Wbem;C:\Windows\System32\WindowsPowerShell\v1.0\;C:\Program Files\Microsoft SQL Server\90\Tools\binn\;C:\Program Files\TortoiseSVN\bin;C:\Program Files\Common Files\Thunder Network\KanKan\Codecs;D:\Program Files\Ringz Studio\Storm Codec\QTSystem\"/>
    <property name="surefire.test.class.path" value="D:\Projects\iap\workspace\maven.1278242882368\iap\modules\core\target\test-classes;D:\Projects\iap\workspace\maven.1278242882368\iap\modules\core\target\classes;C:\Users\lei\.m2\repository\org\springframework\spring-orm\3.0.3.RELEASE\spring-orm-3.0.3.RELEASE.jar;C:\Users\lei\.m2\repository\org\springframework\spring-beans\3.0.3.RELEASE\spring-beans-3.0.3.RELEASE.jar;C:\Users\lei\.m2\repository\org\springframework\spring-core\3.0.3.RELEASE\spring-core-3.0.3.RELEASE.jar;C:\Users\lei\.m2\repository\org\springframework\spring-asm\3.0.3.RELEASE\spring-asm-3.0.3.RELEASE.jar;C:\Users\lei\.m2\repository\commons-logging\commons-logging\1.1.1\commons-logging-1.1.1.jar;C:\Users\lei\.m2\repository\org\springframework\spring-jdbc\3.0.3.RELEASE\spring-jdbc-3.0.3.RELEASE.jar;C:\Users\lei\.m2\repository\org\springframework\spring-tx\3.0.3.RELEASE\spring-tx-3.0.3.RELEASE.jar;C:\Users\lei\.m2\repository\aopalliance\aopalliance\1.0\aopalliance-1.0.jar;C:\Users\lei\.m2\repository\org\springframework\spring-aop\3.0.3.RELEASE\spring-aop-3.0.3.RELEASE.jar;C:\Users\lei\.m2\repository\org\springframework\spring-context\3.0.3.RELEASE\spring-context-3.0.3.RELEASE.jar;C:\Users\lei\.m2\repository\org\springframework\spring-expression\3.0.3.RELEASE\spring-expression-3.0.3.RELEASE.jar;C:\Users\lei\.m2\repository\org\hibernate\hibernate-core\3.3.2.GA\hibernate-core-3.3.2.GA.jar;C:\Users\lei\.m2\repository\antlr\antlr\2.7.6\antlr-2.7.6.jar;C:\Users\lei\.m2\repository\commons-collections\commons-collections\3.2.1\commons-collections-3.2.1.jar;C:\Users\lei\.m2\repository\dom4j\dom4j\1.6.1\dom4j-1.6.1.jar;C:\Users\lei\.m2\repository\xml-apis\xml-apis\1.0.b2\xml-apis-1.0.b2.jar;C:\Users\lei\.m2\repository\javax\transaction\jta\1.1\jta-1.1.jar;C:\Users\lei\.m2\repository\org\slf4j\slf4j-api\1.6.0\slf4j-api-1.6.0.jar;C:\Users\lei\.m2\repository\org\hibernate\hibernate-annotations\3.4.0.GA\hibernate-annotations-3.4.0.GA.jar;C:\Users\lei\.m2\repository\org\hibernate\ejb3-persistence\1.0.2.GA\ejb3-persistence-1.0.2.GA.jar;C:\Users\lei\.m2\repository\org\hibernate\hibernate-commons-annotations\3.1.0.GA\hibernate-commons-annotations-3.1.0.GA.jar;C:\Users\lei\.m2\repository\org\apache\struts\struts2-core\2.1.8.1\struts2-core-2.1.8.1.jar;C:\Users\lei\.m2\repository\com\opensymphony\xwork-core\2.1.6\xwork-core-2.1.6.jar;C:\Users\lei\.m2\repository\org\springframework\spring-test\3.0.3.RELEASE\spring-test-3.0.3.RELEASE.jar;C:\Users\lei\.m2\repository\ognl\ognl\2.7.3\ognl-2.7.3.jar;C:\Users\lei\.m2\repository\org\freemarker\freemarker\2.3.16\freemarker-2.3.16.jar;C:\Users\lei\.m2\repository\commons-fileupload\commons-fileupload\1.2.1\commons-fileupload-1.2.1.jar;C:\Users\lei\.m2\repository\commons-io\commons-io\1.4\commons-io-1.4.jar;C:\Users\lei\.m2\repository\org\springframework\spring-webmvc\3.0.3.RELEASE\spring-webmvc-3.0.3.RELEASE.jar;C:\Users\lei\.m2\repository\org\springframework\spring-context-support\3.0.3.RELEASE\spring-context-support-3.0.3.RELEASE.jar;C:\Users\lei\.m2\repository\org\springframework\spring-web\3.0.3.RELEASE\spring-web-3.0.3.RELEASE.jar;C:\Users\lei\.m2\repository\org\codehaus\jackson\jackson-mapper-asl\1.5.3\jackson-mapper-asl-1.5.3.jar;C:\Users\lei\.m2\repository\org\codehaus\jackson\jackson-core-asl\1.5.3\jackson-core-asl-1.5.3.jar;C:\Users\lei\.m2\repository\javax\servlet\servlet-api\2.5\servlet-api-2.5.jar;C:\Users\lei\.m2\repository\org\springframework\security\spring-security-core\3.0.2.RELEASE\spring-security-core-3.0.2.RELEASE.jar;C:\Users\lei\.m2\repository\org\aspectj\aspectjrt\1.6.8\aspectjrt-1.6.8.jar;C:\Users\lei\.m2\repository\org\aspectj\aspectjweaver\1.6.8\aspectjweaver-1.6.8.jar;C:\Users\lei\.m2\repository\org\springframework\security\spring-security-config\3.0.2.RELEASE\spring-security-config-3.0.2.RELEASE.jar;C:\Users\lei\.m2\repository\org\springframework\security\spring-security-web\3.0.2.RELEASE\spring-security-web-3.0.2.RELEASE.jar;C:\Users\lei\.m2\repository\net\sf\dozer\dozer\5.2.2\dozer-5.2.2.jar;C:\Users\lei\.m2\repository\commons-beanutils\commons-beanutils\1.8.3\commons-beanutils-1.8.3.jar;C:\Users\lei\.m2\repository\commons-lang\commons-lang\2.5\commons-lang-2.5.jar;C:\Users\lei\.m2\repository\commons-codec\commons-codec\1.4\commons-codec-1.4.jar;C:\Users\lei\.m2\repository\joda-time\joda-time\1.6\joda-time-1.6.jar;C:\Users\lei\.m2\repository\com\google\collections\google-collections\1.0\google-collections-1.0.jar;C:\Users\lei\.m2\repository\org\apache\velocity\velocity\1.6.4\velocity-1.6.4.jar;C:\Users\lei\.m2\repository\oro\oro\2.0.8\oro-2.0.8.jar;C:\Users\lei\.m2\repository\org\slf4j\slf4j-log4j12\1.6.0\slf4j-log4j12-1.6.0.jar;C:\Users\lei\.m2\repository\log4j\log4j\1.2.16\log4j-1.2.16.jar;C:\Users\lei\.m2\repository\junit\junit\4.8.1\junit-4.8.1.jar;C:\Users\lei\.m2\repository\org\mortbay\jetty\jetty\6.1.24\jetty-6.1.24.jar;C:\Users\lei\.m2\repository\org\mortbay\jetty\jetty-util\6.1.24\jetty-util-6.1.24.jar;C:\Users\lei\.m2\repository\org\mortbay\jetty\servlet-api\2.5-20081211\servlet-api-2.5-20081211.jar;C:\Users\lei\.m2\repository\org\seleniumhq\selenium\selenium-htmlunit-driver\2.0a4\selenium-htmlunit-driver-2.0a4.jar;C:\Users\lei\.m2\repository\org\seleniumhq\selenium\selenium-common\2.0a4\selenium-common-2.0a4.jar;C:\Users\lei\.m2\repository\net\sourceforge\htmlunit\htmlunit\2.7\htmlunit-2.7.jar;C:\Users\lei\.m2\repository\xalan\xalan\2.7.1\xalan-2.7.1.jar;C:\Users\lei\.m2\repository\xalan\serializer\2.7.1\serializer-2.7.1.jar;C:\Users\lei\.m2\repository\commons-httpclient\commons-httpclient\3.1\commons-httpclient-3.1.jar;C:\Users\lei\.m2\repository\net\sourceforge\htmlunit\htmlunit-core-js\2.7\htmlunit-core-js-2.7.jar;C:\Users\lei\.m2\repository\xerces\xercesImpl\2.9.1\xercesImpl-2.9.1.jar;C:\Users\lei\.m2\repository\net\sourceforge\nekohtml\nekohtml\1.9.14\nekohtml-1.9.14.jar;C:\Users\lei\.m2\repository\net\sourceforge\cssparser\cssparser\0.9.5\cssparser-0.9.5.jar;C:\Users\lei\.m2\repository\org\w3c\css\sac\1.3\sac-1.3.jar;C:\Users\lei\.m2\repository\org\seleniumhq\selenium\selenium-firefox-driver\2.0a4\selenium-firefox-driver-2.0a4.jar;C:\Users\lei\.m2\repository\org\seleniumhq\selenium\selenium-remote-client\2.0a4\selenium-remote-client-2.0a4.jar;C:\Users\lei\.m2\repository\org\seleniumhq\selenium\selenium-remote-common\2.0a4\selenium-remote-common-2.0a4.jar;C:\Users\lei\.m2\repository\org\json\json\20080701\json-20080701.jar;C:\Users\lei\.m2\repository\org\seleniumhq\selenium\selenium-ie-driver\2.0a4\selenium-ie-driver-2.0a4.jar;C:\Users\lei\.m2\repository\net\java\dev\jna\jna\3.2.2\jna-3.2.2.jar;C:\Users\lei\.m2\repository\org\dbunit\dbunit\2.4.7\dbunit-2.4.7.jar;C:\Users\lei\.m2\repository\org\hibernate\hibernate-tools\3.2.3.GA\hibernate-tools-3.2.3.GA.jar;C:\Users\lei\.m2\repository\org\beanshell\bsh\2.0b4\bsh-2.0b4.jar;C:\Users\lei\.m2\repository\org\hibernate\jtidy\r8-20060801\jtidy-r8-20060801.jar;C:\Users\lei\.m2\repository\com\h2database\h2\1.2.137\h2-1.2.137.jar;C:\Users\lei\.m2\repository\cglib\cglib-nodep\2.2\cglib-nodep-2.2.jar;"/>
    <property name="java.specification.name" value="Java Platform API Specification"/>
    <property name="java.class.version" value="50.0"/>
    <property name="sun.management.compiler" value="HotSpot Client Compiler"/>
    <property name="os.version" value="6.1"/>
    <property name="user.home" value="C:\Users\lei"/>
    <property name="user.timezone" value="Asia/Shanghai"/>
    <property name="java.awt.printerjob" value="sun.awt.windows.WPrinterJob"/>
    <property name="java.specification.version" value="1.6"/>
    <property name="file.encoding" value="GBK"/>
    <property name="user.name" value="lei"/>
    <property name="java.class.path" value="D:\Projects\iap\workspace\maven.1278242882368\iap\modules\core\target\test-classes;D:\Projects\iap\workspace\maven.1278242882368\iap\modules\core\target\classes;C:\Users\lei\.m2\repository\org\springframework\spring-orm\3.0.3.RELEASE\spring-orm-3.0.3.RELEASE.jar;C:\Users\lei\.m2\repository\org\springframework\spring-beans\3.0.3.RELEASE\spring-beans-3.0.3.RELEASE.jar;C:\Users\lei\.m2\repository\org\springframework\spring-core\3.0.3.RELEASE\spring-core-3.0.3.RELEASE.jar;C:\Users\lei\.m2\repository\org\springframework\spring-asm\3.0.3.RELEASE\spring-asm-3.0.3.RELEASE.jar;C:\Users\lei\.m2\repository\commons-logging\commons-logging\1.1.1\commons-logging-1.1.1.jar;C:\Users\lei\.m2\repository\org\springframework\spring-jdbc\3.0.3.RELEASE\spring-jdbc-3.0.3.RELEASE.jar;C:\Users\lei\.m2\repository\org\springframework\spring-tx\3.0.3.RELEASE\spring-tx-3.0.3.RELEASE.jar;C:\Users\lei\.m2\repository\aopalliance\aopalliance\1.0\aopalliance-1.0.jar;C:\Users\lei\.m2\repository\org\springframework\spring-aop\3.0.3.RELEASE\spring-aop-3.0.3.RELEASE.jar;C:\Users\lei\.m2\repository\org\springframework\spring-context\3.0.3.RELEASE\spring-context-3.0.3.RELEASE.jar;C:\Users\lei\.m2\repository\org\springframework\spring-expression\3.0.3.RELEASE\spring-expression-3.0.3.RELEASE.jar;C:\Users\lei\.m2\repository\org\hibernate\hibernate-core\3.3.2.GA\hibernate-core-3.3.2.GA.jar;C:\Users\lei\.m2\repository\antlr\antlr\2.7.6\antlr-2.7.6.jar;C:\Users\lei\.m2\repository\commons-collections\commons-collections\3.2.1\commons-collections-3.2.1.jar;C:\Users\lei\.m2\repository\dom4j\dom4j\1.6.1\dom4j-1.6.1.jar;C:\Users\lei\.m2\repository\xml-apis\xml-apis\1.0.b2\xml-apis-1.0.b2.jar;C:\Users\lei\.m2\repository\javax\transaction\jta\1.1\jta-1.1.jar;C:\Users\lei\.m2\repository\org\slf4j\slf4j-api\1.6.0\slf4j-api-1.6.0.jar;C:\Users\lei\.m2\repository\org\hibernate\hibernate-annotations\3.4.0.GA\hibernate-annotations-3.4.0.GA.jar;C:\Users\lei\.m2\repository\org\hibernate\ejb3-persistence\1.0.2.GA\ejb3-persistence-1.0.2.GA.jar;C:\Users\lei\.m2\repository\org\hibernate\hibernate-commons-annotations\3.1.0.GA\hibernate-commons-annotations-3.1.0.GA.jar;C:\Users\lei\.m2\repository\org\apache\struts\struts2-core\2.1.8.1\struts2-core-2.1.8.1.jar;C:\Users\lei\.m2\repository\com\opensymphony\xwork-core\2.1.6\xwork-core-2.1.6.jar;C:\Users\lei\.m2\repository\org\springframework\spring-test\3.0.3.RELEASE\spring-test-3.0.3.RELEASE.jar;C:\Users\lei\.m2\repository\ognl\ognl\2.7.3\ognl-2.7.3.jar;C:\Users\lei\.m2\repository\org\freemarker\freemarker\2.3.16\freemarker-2.3.16.jar;C:\Users\lei\.m2\repository\commons-fileupload\commons-fileupload\1.2.1\commons-fileupload-1.2.1.jar;C:\Users\lei\.m2\repository\commons-io\commons-io\1.4\commons-io-1.4.jar;C:\Users\lei\.m2\repository\org\springframework\spring-webmvc\3.0.3.RELEASE\spring-webmvc-3.0.3.RELEASE.jar;C:\Users\lei\.m2\repository\org\springframework\spring-context-support\3.0.3.RELEASE\spring-context-support-3.0.3.RELEASE.jar;C:\Users\lei\.m2\repository\org\springframework\spring-web\3.0.3.RELEASE\spring-web-3.0.3.RELEASE.jar;C:\Users\lei\.m2\repository\org\codehaus\jackson\jackson-mapper-asl\1.5.3\jackson-mapper-asl-1.5.3.jar;C:\Users\lei\.m2\repository\org\codehaus\jackson\jackson-core-asl\1.5.3\jackson-core-asl-1.5.3.jar;C:\Users\lei\.m2\repository\javax\servlet\servlet-api\2.5\servlet-api-2.5.jar;C:\Users\lei\.m2\repository\org\springframework\security\spring-security-core\3.0.2.RELEASE\spring-security-core-3.0.2.RELEASE.jar;C:\Users\lei\.m2\repository\org\aspectj\aspectjrt\1.6.8\aspectjrt-1.6.8.jar;C:\Users\lei\.m2\repository\org\aspectj\aspectjweaver\1.6.8\aspectjweaver-1.6.8.jar;C:\Users\lei\.m2\repository\org\springframework\security\spring-security-config\3.0.2.RELEASE\spring-security-config-3.0.2.RELEASE.jar;C:\Users\lei\.m2\repository\org\springframework\security\spring-security-web\3.0.2.RELEASE\spring-security-web-3.0.2.RELEASE.jar;C:\Users\lei\.m2\repository\net\sf\dozer\dozer\5.2.2\dozer-5.2.2.jar;C:\Users\lei\.m2\repository\commons-beanutils\commons-beanutils\1.8.3\commons-beanutils-1.8.3.jar;C:\Users\lei\.m2\repository\commons-lang\commons-lang\2.5\commons-lang-2.5.jar;C:\Users\lei\.m2\repository\commons-codec\commons-codec\1.4\commons-codec-1.4.jar;C:\Users\lei\.m2\repository\joda-time\joda-time\1.6\joda-time-1.6.jar;C:\Users\lei\.m2\repository\com\google\collections\google-collections\1.0\google-collections-1.0.jar;C:\Users\lei\.m2\repository\org\apache\velocity\velocity\1.6.4\velocity-1.6.4.jar;C:\Users\lei\.m2\repository\oro\oro\2.0.8\oro-2.0.8.jar;C:\Users\lei\.m2\repository\org\slf4j\slf4j-log4j12\1.6.0\slf4j-log4j12-1.6.0.jar;C:\Users\lei\.m2\repository\log4j\log4j\1.2.16\log4j-1.2.16.jar;C:\Users\lei\.m2\repository\junit\junit\4.8.1\junit-4.8.1.jar;C:\Users\lei\.m2\repository\org\mortbay\jetty\jetty\6.1.24\jetty-6.1.24.jar;C:\Users\lei\.m2\repository\org\mortbay\jetty\jetty-util\6.1.24\jetty-util-6.1.24.jar;C:\Users\lei\.m2\repository\org\mortbay\jetty\servlet-api\2.5-20081211\servlet-api-2.5-20081211.jar;C:\Users\lei\.m2\repository\org\seleniumhq\selenium\selenium-htmlunit-driver\2.0a4\selenium-htmlunit-driver-2.0a4.jar;C:\Users\lei\.m2\repository\org\seleniumhq\selenium\selenium-common\2.0a4\selenium-common-2.0a4.jar;C:\Users\lei\.m2\repository\net\sourceforge\htmlunit\htmlunit\2.7\htmlunit-2.7.jar;C:\Users\lei\.m2\repository\xalan\xalan\2.7.1\xalan-2.7.1.jar;C:\Users\lei\.m2\repository\xalan\serializer\2.7.1\serializer-2.7.1.jar;C:\Users\lei\.m2\repository\commons-httpclient\commons-httpclient\3.1\commons-httpclient-3.1.jar;C:\Users\lei\.m2\repository\net\sourceforge\htmlunit\htmlunit-core-js\2.7\htmlunit-core-js-2.7.jar;C:\Users\lei\.m2\repository\xerces\xercesImpl\2.9.1\xercesImpl-2.9.1.jar;C:\Users\lei\.m2\repository\net\sourceforge\nekohtml\nekohtml\1.9.14\nekohtml-1.9.14.jar;C:\Users\lei\.m2\repository\net\sourceforge\cssparser\cssparser\0.9.5\cssparser-0.9.5.jar;C:\Users\lei\.m2\repository\org\w3c\css\sac\1.3\sac-1.3.jar;C:\Users\lei\.m2\repository\org\seleniumhq\selenium\selenium-firefox-driver\2.0a4\selenium-firefox-driver-2.0a4.jar;C:\Users\lei\.m2\repository\org\seleniumhq\selenium\selenium-remote-client\2.0a4\selenium-remote-client-2.0a4.jar;C:\Users\lei\.m2\repository\org\seleniumhq\selenium\selenium-remote-common\2.0a4\selenium-remote-common-2.0a4.jar;C:\Users\lei\.m2\repository\org\json\json\20080701\json-20080701.jar;C:\Users\lei\.m2\repository\org\seleniumhq\selenium\selenium-ie-driver\2.0a4\selenium-ie-driver-2.0a4.jar;C:\Users\lei\.m2\repository\net\java\dev\jna\jna\3.2.2\jna-3.2.2.jar;C:\Users\lei\.m2\repository\org\dbunit\dbunit\2.4.7\dbunit-2.4.7.jar;C:\Users\lei\.m2\repository\org\hibernate\hibernate-tools\3.2.3.GA\hibernate-tools-3.2.3.GA.jar;C:\Users\lei\.m2\repository\org\beanshell\bsh\2.0b4\bsh-2.0b4.jar;C:\Users\lei\.m2\repository\org\hibernate\jtidy\r8-20060801\jtidy-r8-20060801.jar;C:\Users\lei\.m2\repository\com\h2database\h2\1.2.137\h2-1.2.137.jar;C:\Users\lei\.m2\repository\cglib\cglib-nodep\2.2\cglib-nodep-2.2.jar;"/>
    <property name="java.vm.specification.version" value="1.0"/>
    <property name="sun.arch.data.model" value="32"/>
    <property name="java.home" value="D:\java\Java\jdk1.6.0_17\jre"/>
    <property name="java.specification.vendor" value="Sun Microsystems Inc."/>
    <property name="user.language" value="zh"/>
    <property name="awt.toolkit" value="sun.awt.windows.WToolkit"/>
    <property name="java.vm.info" value="mixed mode, sharing"/>
    <property name="java.version" value="1.6.0_17"/>
    <property name="java.ext.dirs" value="D:\java\Java\jdk1.6.0_17\jre\lib\ext;C:\Windows\Sun\Java\lib\ext"/>
    <property name="sun.boot.class.path" value="D:\java\Java\jdk1.6.0_17\jre\lib\resources.jar;D:\java\Java\jdk1.6.0_17\jre\lib\rt.jar;D:\java\Java\jdk1.6.0_17\jre\lib\sunrsasign.jar;D:\java\Java\jdk1.6.0_17\jre\lib\jsse.jar;D:\java\Java\jdk1.6.0_17\jre\lib\jce.jar;D:\java\Java\jdk1.6.0_17\jre\lib\charsets.jar;D:\java\Java\jdk1.6.0_17\jre\classes"/>
    <property name="java.vendor" value="Sun Microsystems Inc."/>
    <property name="localRepository" value="C:\Users\lei\.m2\repository"/>
    <property name="file.separator" value="\"/>
    <property name="java.vendor.url.bug" value="http://java.sun.com/cgi-bin/bugreport.cgi"/>
    <property name="sun.cpu.endian" value="little"/>
    <property name="sun.io.unicode.encoding" value="UnicodeLittle"/>
    <property name="sun.desktop" value="windows"/>
    <property name="sun.cpu.isalist" value="pentium_pro+mmx pentium_pro pentium+mmx pentium i486 i386 i86"/>
  </properties>
  <testcase time="0.026" classname="org.leixu.iap.user.UserDaoTest" name="testCrud">
    <error message="Unknown entity: org.leixu.iap.person.domain.Person" type="org.hibernate.MappingException">org.hibernate.MappingException: Unknown entity: org.leixu.iap.person.domain.Person
	at org.hibernate.impl.SessionFactoryImpl.getEntityPersister(SessionFactoryImpl.java:628)
	at org.hibernate.impl.SessionImpl.getEntityPersister(SessionImpl.java:1366)
	at org.hibernate.event.def.AbstractSaveEventListener.saveWithGeneratedId(AbstractSaveEventListener.java:121)
	at org.hibernate.event.def.DefaultSaveOrUpdateEventListener.saveWithGeneratedOrRequestedId(DefaultSaveOrUpdateEventListener.java:210)
	at org.hibernate.event.def.DefaultSaveEventListener.saveWithGeneratedOrRequestedId(DefaultSaveEventListener.java:56)
	at org.hibernate.event.def.DefaultSaveOrUpdateEventListener.entityIsTransient(DefaultSaveOrUpdateEventListener.java:195)
	at org.hibernate.event.def.DefaultSaveEventListener.performSaveOrUpdate(DefaultSaveEventListener.java:50)
	at org.hibernate.event.def.DefaultSaveOrUpdateEventListener.onSaveOrUpdate(DefaultSaveOrUpdateEventListener.java:93)
	at org.hibernate.impl.SessionImpl.fireSave(SessionImpl.java:563)
	at org.hibernate.impl.SessionImpl.save(SessionImpl.java:551)
	at org.hibernate.impl.SessionImpl.save(SessionImpl.java:547)
	at org.leixu.iap.core.genericdao.impl.GenericDaoHibernateImpl.create(GenericDaoHibernateImpl.java:43)
	at sun.reflect.NativeMethodAccessorImpl.invoke0(Native Method)
	at sun.reflect.NativeMethodAccessorImpl.invoke(NativeMethodAccessorImpl.java:39)
	at sun.reflect.DelegatingMethodAccessorImpl.invoke(DelegatingMethodAccessorImpl.java:25)
	at java.lang.reflect.Method.invoke(Method.java:597)
	at org.springframework.aop.support.AopUtils.invokeJoinpointUsingReflection(AopUtils.java:309)
	at org.springframework.aop.framework.ReflectiveMethodInvocation.invokeJoinpoint(ReflectiveMethodInvocation.java:183)
	at org.springframework.aop.framework.ReflectiveMethodInvocation.proceed(ReflectiveMethodInvocation.java:150)
	at org.leixu.iap.core.genericdao.finder.impl.FinderIntroductionInterceptor.invoke(FinderIntroductionInterceptor.java:37)
	at org.springframework.aop.framework.ReflectiveMethodInvocation.proceed(ReflectiveMethodInvocation.java:172)
	at org.springframework.aop.framework.JdkDynamicAopProxy.invoke(JdkDynamicAopProxy.java:202)
	at $Proxy3.create(Unknown Source)
	at org.leixu.iap.user.UserDaoTest.testCrud(UserDaoTest.java:34)
	at sun.reflect.NativeMethodAccessorImpl.invoke0(Native Method)
	at sun.reflect.NativeMethodAccessorImpl.invoke(NativeMethodAccessorImpl.java:39)
	at sun.reflect.DelegatingMethodAccessorImpl.invoke(DelegatingMethodAccessorImpl.java:25)
	at java.lang.reflect.Method.invoke(Method.java:597)
	at junit.framework.TestCase.runTest(TestCase.java:168)
	at junit.framework.TestCase.runBare(TestCase.java:134)
	at junit.framework.TestResult$1.protect(TestResult.java:110)
	at junit.framework.TestResult.runProtected(TestResult.java:128)
	at junit.framework.TestResult.run(TestResult.java:113)
	at junit.framework.TestCase.run(TestCase.java:124)
	at junit.framework.TestSuite.runTest(TestSuite.java:232)
	at junit.framework.TestSuite.run(TestSuite.java:227)
	at org.junit.internal.runners.JUnit38ClassRunner.run(JUnit38ClassRunner.java:83)
	at org.apache.maven.surefire.junit4.JUnit4TestSet.execute(JUnit4TestSet.java:59)
	at org.apache.maven.surefire.suite.AbstractDirectoryTestSuite.executeTestSet(AbstractDirectoryTestSuite.java:115)
	at org.apache.maven.surefire.suite.AbstractDirectoryTestSuite.execute(AbstractDirectoryTestSuite.java:102)
	at org.apache.maven.surefire.Surefire.run(Surefire.java:180)
	at sun.reflect.NativeMethodAccessorImpl.invoke0(Native Method)
	at sun.reflect.NativeMethodAccessorImpl.invoke(NativeMethodAccessorImpl.java:39)
	at sun.reflect.DelegatingMethodAccessorImpl.invoke(DelegatingMethodAccessorImpl.java:25)
	at java.lang.reflect.Method.invoke(Method.java:597)
	at org.apache.maven.surefire.booter.SurefireBooter.runSuitesInProcess(SurefireBooter.java:350)
	at org.apache.maven.surefire.booter.SurefireBooter.main(SurefireBooter.java:1021)
</error>
  </testcase>
  <testcase time="0.024" classname="org.leixu.iap.user.UserDaoTest" name="testFindByName">
    <error message="Unknown entity: org.leixu.iap.person.domain.Person" type="org.hibernate.MappingException">org.hibernate.MappingException: Unknown entity: org.leixu.iap.person.domain.Person
	at org.hibernate.impl.SessionFactoryImpl.getEntityPersister(SessionFactoryImpl.java:628)
	at org.hibernate.impl.SessionImpl.getEntityPersister(SessionImpl.java:1366)
	at org.hibernate.event.def.AbstractSaveEventListener.saveWithGeneratedId(AbstractSaveEventListener.java:121)
	at org.hibernate.event.def.DefaultSaveOrUpdateEventListener.saveWithGeneratedOrRequestedId(DefaultSaveOrUpdateEventListener.java:210)
	at org.hibernate.event.def.DefaultSaveEventListener.saveWithGeneratedOrRequestedId(DefaultSaveEventListener.java:56)
	at org.hibernate.event.def.DefaultSaveOrUpdateEventListener.entityIsTransient(DefaultSaveOrUpdateEventListener.java:195)
	at org.hibernate.event.def.DefaultSaveEventListener.performSaveOrUpdate(DefaultSaveEventListener.java:50)
	at org.hibernate.event.def.DefaultSaveOrUpdateEventListener.onSaveOrUpdate(DefaultSaveOrUpdateEventListener.java:93)
	at org.hibernate.impl.SessionImpl.fireSave(SessionImpl.java:563)
	at org.hibernate.impl.SessionImpl.save(SessionImpl.java:551)
	at org.hibernate.impl.SessionImpl.save(SessionImpl.java:547)
	at org.leixu.iap.core.genericdao.impl.GenericDaoHibernateImpl.create(GenericDaoHibernateImpl.java:43)
	at sun.reflect.NativeMethodAccessorImpl.invoke0(Native Method)
	at sun.reflect.NativeMethodAccessorImpl.invoke(NativeMethodAccessorImpl.java:39)
	at sun.reflect.DelegatingMethodAccessorImpl.invoke(DelegatingMethodAccessorImpl.java:25)
	at java.lang.reflect.Method.invoke(Method.java:597)
	at org.springframework.aop.support.AopUtils.invokeJoinpointUsingReflection(AopUtils.java:309)
	at org.springframework.aop.framework.ReflectiveMethodInvocation.invokeJoinpoint(ReflectiveMethodInvocation.java:183)
	at org.springframework.aop.framework.ReflectiveMethodInvocation.proceed(ReflectiveMethodInvocation.java:150)
	at org.leixu.iap.core.genericdao.finder.impl.FinderIntroductionInterceptor.invoke(FinderIntroductionInterceptor.java:37)
	at org.springframework.aop.framework.ReflectiveMethodInvocation.proceed(ReflectiveMethodInvocation.java:172)
	at org.springframework.aop.framework.JdkDynamicAopProxy.invoke(JdkDynamicAopProxy.java:202)
	at $Proxy3.create(Unknown Source)
	at org.leixu.iap.user.UserDaoTest.testFindByName(UserDaoTest.java:64)
	at sun.reflect.NativeMethodAccessorImpl.invoke0(Native Method)
	at sun.reflect.NativeMethodAccessorImpl.invoke(NativeMethodAccessorImpl.java:39)
	at sun.reflect.DelegatingMethodAccessorImpl.invoke(DelegatingMethodAccessorImpl.java:25)
	at java.lang.reflect.Method.invoke(Method.java:597)
	at junit.framework.TestCase.runTest(TestCase.java:168)
	at junit.framework.TestCase.runBare(TestCase.java:134)
	at junit.framework.TestResult$1.protect(TestResult.java:110)
	at junit.framework.TestResult.runProtected(TestResult.java:128)
	at junit.framework.TestResult.run(TestResult.java:113)
	at junit.framework.TestCase.run(TestCase.java:124)
	at junit.framework.TestSuite.runTest(TestSuite.java:232)
	at junit.framework.TestSuite.run(TestSuite.java:227)
	at org.junit.internal.runners.JUnit38ClassRunner.run(JUnit38ClassRunner.java:83)
	at org.apache.maven.surefire.junit4.JUnit4TestSet.execute(JUnit4TestSet.java:59)
	at org.apache.maven.surefire.suite.AbstractDirectoryTestSuite.executeTestSet(AbstractDirectoryTestSuite.java:115)
	at org.apache.maven.surefire.suite.AbstractDirectoryTestSuite.execute(AbstractDirectoryTestSuite.java:102)
	at org.apache.maven.surefire.Surefire.run(Surefire.java:180)
	at sun.reflect.NativeMethodAccessorImpl.invoke0(Native Method)
	at sun.reflect.NativeMethodAccessorImpl.invoke(NativeMethodAccessorImpl.java:39)
	at sun.reflect.DelegatingMethodAccessorImpl.invoke(DelegatingMethodAccessorImpl.java:25)
	at java.lang.reflect.Method.invoke(Method.java:597)
	at org.apache.maven.surefire.booter.SurefireBooter.runSuitesInProcess(SurefireBooter.java:350)
	at org.apache.maven.surefire.booter.SurefireBooter.main(SurefireBooter.java:1021)
</error>
  </testcase>
  <testcase time="0.022" classname="org.leixu.iap.user.UserDaoTest" name="testIterateByWeight">
    <error message="Unknown entity: org.leixu.iap.person.domain.Person" type="org.hibernate.MappingException">org.hibernate.MappingException: Unknown entity: org.leixu.iap.person.domain.Person
	at org.hibernate.impl.SessionFactoryImpl.getEntityPersister(SessionFactoryImpl.java:628)
	at org.hibernate.impl.SessionImpl.getEntityPersister(SessionImpl.java:1366)
	at org.hibernate.event.def.AbstractSaveEventListener.saveWithGeneratedId(AbstractSaveEventListener.java:121)
	at org.hibernate.event.def.DefaultSaveOrUpdateEventListener.saveWithGeneratedOrRequestedId(DefaultSaveOrUpdateEventListener.java:210)
	at org.hibernate.event.def.DefaultSaveEventListener.saveWithGeneratedOrRequestedId(DefaultSaveEventListener.java:56)
	at org.hibernate.event.def.DefaultSaveOrUpdateEventListener.entityIsTransient(DefaultSaveOrUpdateEventListener.java:195)
	at org.hibernate.event.def.DefaultSaveEventListener.performSaveOrUpdate(DefaultSaveEventListener.java:50)
	at org.hibernate.event.def.DefaultSaveOrUpdateEventListener.onSaveOrUpdate(DefaultSaveOrUpdateEventListener.java:93)
	at org.hibernate.impl.SessionImpl.fireSave(SessionImpl.java:563)
	at org.hibernate.impl.SessionImpl.save(SessionImpl.java:551)
	at org.hibernate.impl.SessionImpl.save(SessionImpl.java:547)
	at org.leixu.iap.core.genericdao.impl.GenericDaoHibernateImpl.create(GenericDaoHibernateImpl.java:43)
	at sun.reflect.NativeMethodAccessorImpl.invoke0(Native Method)
	at sun.reflect.NativeMethodAccessorImpl.invoke(NativeMethodAccessorImpl.java:39)
	at sun.reflect.DelegatingMethodAccessorImpl.invoke(DelegatingMethodAccessorImpl.java:25)
	at java.lang.reflect.Method.invoke(Method.java:597)
	at org.springframework.aop.support.AopUtils.invokeJoinpointUsingReflection(AopUtils.java:309)
	at org.springframework.aop.framework.ReflectiveMethodInvocation.invokeJoinpoint(ReflectiveMethodInvocation.java:183)
	at org.springframework.aop.framework.ReflectiveMethodInvocation.proceed(ReflectiveMethodInvocation.java:150)
	at org.leixu.iap.core.genericdao.finder.impl.FinderIntroductionInterceptor.invoke(FinderIntroductionInterceptor.java:37)
	at org.springframework.aop.framework.ReflectiveMethodInvocation.proceed(ReflectiveMethodInvocation.java:172)
	at org.springframework.aop.framework.JdkDynamicAopProxy.invoke(JdkDynamicAopProxy.java:202)
	at $Proxy3.create(Unknown Source)
	at org.leixu.iap.user.UserDaoTest.testIterateByWeight(UserDaoTest.java:83)
	at sun.reflect.NativeMethodAccessorImpl.invoke0(Native Method)
	at sun.reflect.NativeMethodAccessorImpl.invoke(NativeMethodAccessorImpl.java:39)
	at sun.reflect.DelegatingMethodAccessorImpl.invoke(DelegatingMethodAccessorImpl.java:25)
	at java.lang.reflect.Method.invoke(Method.java:597)
	at junit.framework.TestCase.runTest(TestCase.java:168)
	at junit.framework.TestCase.runBare(TestCase.java:134)
	at junit.framework.TestResult$1.protect(TestResult.java:110)
	at junit.framework.TestResult.runProtected(TestResult.java:128)
	at junit.framework.TestResult.run(TestResult.java:113)
	at junit.framework.TestCase.run(TestCase.java:124)
	at junit.framework.TestSuite.runTest(TestSuite.java:232)
	at junit.framework.TestSuite.run(TestSuite.java:227)
	at org.junit.internal.runners.JUnit38ClassRunner.run(JUnit38ClassRunner.java:83)
	at org.apache.maven.surefire.junit4.JUnit4TestSet.execute(JUnit4TestSet.java:59)
	at org.apache.maven.surefire.suite.AbstractDirectoryTestSuite.executeTestSet(AbstractDirectoryTestSuite.java:115)
	at org.apache.maven.surefire.suite.AbstractDirectoryTestSuite.execute(AbstractDirectoryTestSuite.java:102)
	at org.apache.maven.surefire.Surefire.run(Surefire.java:180)
	at sun.reflect.NativeMethodAccessorImpl.invoke0(Native Method)
	at sun.reflect.NativeMethodAccessorImpl.invoke(NativeMethodAccessorImpl.java:39)
	at sun.reflect.DelegatingMethodAccessorImpl.invoke(DelegatingMethodAccessorImpl.java:25)
	at java.lang.reflect.Method.invoke(Method.java:597)
	at org.apache.maven.surefire.booter.SurefireBooter.runSuitesInProcess(SurefireBooter.java:350)
	at org.apache.maven.surefire.booter.SurefireBooter.main(SurefireBooter.java:1021)
</error>
  </testcase>
</testsuite>